c:\users\zac\desktop\basic\github_repository\debug\vc120.pdb
c:\users\zac\desktop\basic\github_repository\debug\vc120.idb
c:\users\zac\desktop\basic\github_repository\debug\graph.obj
c:\users\zac\desktop\basic\github_repository\debug\render.obj
c:\users\zac\desktop\basic\github_repository\debug\mat4.obj
c:\users\zac\desktop\basic\github_repository\debug\shapes.obj
c:\users\zac\desktop\basic\github_repository\debug\vec2.obj
c:\users\zac\desktop\basic\github_repository\debug\vec3.obj
c:\users\zac\desktop\basic\github_repository\debug\vec4.obj
c:\users\zac\desktop\basic\github_repository\debug\solver.obj
c:\users\zac\desktop\basic\github_repository\debug\source.obj
c:\users\zac\desktop\basic\github_repository\debug\basic.ilk
c:\users\zac\desktop\basic\github_repository\debug\basic.exe
c:\users\zac\desktop\basic\github_repository\debug\basic.pdb
c:\users\zac\desktop\basic\github_repository\debug\basic.tlog\cl.command.1.tlog
c:\users\zac\desktop\basic\github_repository\debug\basic.tlog\cl.read.1.tlog
c:\users\zac\desktop\basic\github_repository\debug\basic.tlog\cl.write.1.tlog
c:\users\zac\desktop\basic\github_repository\debug\basic.tlog\link.command.1.tlog
c:\users\zac\desktop\basic\github_repository\debug\basic.tlog\link.read.1.tlog
c:\users\zac\desktop\basic\github_repository\debug\basic.tlog\link.write.1.tlog
